Using pre-set license
Built from '2021.3/staging' branch; Version is '2021.3.11f1 (0a5ca18544bf) revision 679073'; Using compiler version '192829333'; Build Type 'Release'
OS: 'Windows 10  (10.0.19045) 64bit Core' Language: 'ko' Physical Memory: 16316 MB
BatchMode: 1, IsHumanControllingUs: 0, StartBugReporterOnCrash: 0, Is64bit: 1, IsPro: 1

COMMAND LINE ARGUMENTS:
C:\Program Files\Unity\Hub\Editor\2021.3.11f1\Editor\Unity.exe
-adb2
-batchMode
-noUpm
-name
AssetImportWorker0
-projectPath
C:/Users/dudgn/OneDrive/바탕 화면/수업/게임네트워크/NetworkTank/NetworkTank
-logFile
Logs/AssetImportWorker0.log
-srvPort
58822
Successfully changed project path to: C:/Users/dudgn/OneDrive/바탕 화면/수업/게임네트워크/NetworkTank/NetworkTank
C:/Users/dudgn/OneDrive/바탕 화면/수업/게임네트워크/NetworkTank/NetworkTank
[UnityMemory] Configuration Parameters - Can be set up in boot.config
    "memorysetup-bucket-allocator-granularity=16"
    "memorysetup-bucket-allocator-bucket-count=8"
    "memorysetup-bucket-allocator-block-size=33554432"
    "memorysetup-bucket-allocator-block-count=8"
    "memorysetup-main-allocator-block-size=16777216"
    "memorysetup-thread-allocator-block-size=16777216"
    "memorysetup-gfx-main-allocator-block-size=16777216"
    "memorysetup-gfx-thread-allocator-block-size=16777216"
    "memorysetup-cache-allocator-block-size=4194304"
    "memorysetup-typetree-allocator-block-size=2097152"
    "memorysetup-profiler-bucket-allocator-granularity=16"
    "memorysetup-profiler-bucket-allocator-bucket-count=8"
    "memorysetup-profiler-bucket-allocator-block-size=33554432"
    "memorysetup-profiler-bucket-allocator-block-count=8"
    "memorysetup-profiler-allocator-block-size=16777216"
    "memorysetup-profiler-editor-allocator-block-size=1048576"
    "memorysetup-temp-allocator-size-main=16777216"
    "memorysetup-job-temp-allocator-block-size=2097152"
    "memorysetup-job-temp-allocator-block-size-background=1048576"
    "memorysetup-job-temp-allocator-reduction-small-platforms=262144"
    "memorysetup-temp-allocator-size-background-worker=32768"
    "memorysetup-temp-allocator-size-job-worker=262144"
    "memorysetup-temp-allocator-size-preload-manager=33554432"
    "memorysetup-temp-allocator-size-nav-mesh-worker=65536"
    "memorysetup-temp-allocator-size-audio-worker=65536"
    "memorysetup-temp-allocator-size-cloud-worker=32768"
    "memorysetup-temp-allocator-size-gi-baking-worker=262144"
    "memorysetup-temp-allocator-size-gfx=262144"
Refreshing native plugins compatible for Editor in 122.98 ms, found 3 plugins.
Preloading 0 native plugins for Editor in 0.00 ms.
Initialize engine version: 2021.3.11f1 (0a5ca18544bf)
[Subsystems] Discovering subsystems at path C:/Program Files/Unity/Hub/Editor/2021.3.11f1/Editor/Data/Resources/UnitySubsystems
[Subsystems] Discovering subsystems at path C:/Users/dudgn/OneDrive/바탕 화면/수업/게임네트워크/NetworkTank/NetworkTank/Assets
GfxDevice: creating device client; threaded=0; jobified=0
Direct3D:
    Version:  Direct3D 11.0 [level 11.1]
    Renderer: NVIDIA GeForce GTX 1070 (ID=0x1b81)
    Vendor:   NVIDIA
    VRAM:     8088 MB
    Driver:   31.0.15.1694
Initialize mono
Mono path[0] = 'C:/Program Files/Unity/Hub/Editor/2021.3.11f1/Editor/Data/Managed'
Mono path[1] = 'C:/Program Files/Unity/Hub/Editor/2021.3.11f1/Editor/Data/MonoBleedingEdge/lib/mono/unityjit-win32'
Mono config path = 'C:/Program Files/Unity/Hub/Editor/2021.3.11f1/Editor/Data/MonoBleedingEdge/etc'
Using monoOptions --debugger-agent=transport=dt_socket,embedding=1,server=y,suspend=n,address=127.0.0.1:56744
Begin MonoManager ReloadAssembly
Registering precompiled unity dll's ...
Register platform support module: C:/Program Files/Unity/Hub/Editor/2021.3.11f1/Editor/Data/PlaybackEngines/WindowsStandaloneSupport/UnityEditor.WindowsStandalone.Extensions.dll
Registered in 0.014619 seconds.
Native extension for WindowsStandalone target not found
Refreshing native plugins compatible for Editor in 114.32 ms, found 3 plugins.
Preloading 0 native plugins for Editor in 0.00 ms.
Mono: successfully reloaded assembly
- Completed reload, in  0.911 seconds
Domain Reload Profiling:
	ReloadAssembly (912ms)
		BeginReloadAssembly (120ms)
			ExecutionOrderSort (0ms)
			DisableScriptedObjects (0ms)
			BackupInstance (0ms)
			ReleaseScriptingObjects (0ms)
			CreateAndSetChildDomain (1ms)
		EndReloadAssembly (619ms)
			LoadAssemblies (116ms)
			RebuildTransferFunctionScriptingTraits (0ms)
			SetupTypeCache (152ms)
			ReleaseScriptCaches (0ms)
			RebuildScriptCaches (35ms)
			SetupLoadedEditorAssemblies (358ms)
				LogAssemblyErrors (0ms)
				InitializePlatformSupportModulesInManaged (12ms)
				SetLoadedEditorAssemblies (0ms)
				RefreshPlugins (115ms)
				BeforeProcessingInitializeOnLoad (2ms)
				ProcessInitializeOnLoadAttributes (161ms)
				ProcessInitializeOnLoadMethodAttributes (68ms)
				AfterProcessingInitializeOnLoad (0ms)
				EditorAssembliesLoaded (0ms)
			ExecutionOrderSort2 (0ms)
			AwakeInstancesAfterBackupRestoration (0ms)
Platform modules already initialized, skipping
Registering precompiled user dll's ...
Registered in 0.013724 seconds.
Begin MonoManager ReloadAssembly
Symbol file LoadedFromMemory doesn't match image C:\Users\dudgn\OneDrive\바탕 화면\수업\게임네트워크\NetworkTank\NetworkTank\Library\PackageCache\com.unity.visualscripting@1.7.8\Editor\VisualScripting.Core\Dependencies\YamlDotNet\Unity.VisualScripting.YamlDotNet.dll
Symbol file LoadedFromMemory doesn't match image C:\Users\dudgn\OneDrive\바탕 화면\수업\게임네트워크\NetworkTank\NetworkTank\Library\PackageCache\com.unity.visualscripting@1.7.8\Editor\VisualScripting.Core\Dependencies\DotNetZip\Unity.VisualScripting.IonicZip.dll
Native extension for WindowsStandalone target not found
Refreshing native plugins compatible for Editor in 0.84 ms, found 3 plugins.
Preloading 0 native plugins for Editor in 0.00 ms.
Mono: successfully reloaded assembly
- Completed reload, in  1.515 seconds
Domain Reload Profiling:
	ReloadAssembly (1517ms)
		BeginReloadAssembly (177ms)
			ExecutionOrderSort (0ms)
			DisableScriptedObjects (8ms)
			BackupInstance (0ms)
			ReleaseScriptingObjects (0ms)
			CreateAndSetChildDomain (24ms)
		EndReloadAssembly (1157ms)
			LoadAssemblies (153ms)
			RebuildTransferFunctionScriptingTraits (0ms)
			SetupTypeCache (356ms)
			ReleaseScriptCaches (1ms)
			RebuildScriptCaches (84ms)
			SetupLoadedEditorAssemblies (519ms)
				LogAssemblyErrors (0ms)
				InitializePlatformSupportModulesInManaged (9ms)
				SetLoadedEditorAssemblies (1ms)
				RefreshPlugins (1ms)
				BeforeProcessingInitializeOnLoad (134ms)
				ProcessInitializeOnLoadAttributes (319ms)
				ProcessInitializeOnLoadMethodAttributes (39ms)
				AfterProcessingInitializeOnLoad (16ms)
				EditorAssembliesLoaded (0ms)
			ExecutionOrderSort2 (0ms)
			AwakeInstancesAfterBackupRestoration (17ms)
Platform modules already initialized, skipping
========================================================================
Worker process is ready to serve import requests
Launched and connected shader compiler UnityShaderCompiler.exe after 0.07 seconds
Refreshing native plugins compatible for Editor in 0.80 ms, found 3 plugins.
Preloading 0 native plugins for Editor in 0.00 ms.
Unloading 3605 Unused Serialized files (Serialized files now loaded: 0)
Unloading 32 unused Assets / (113.4 KB). Loaded Objects now: 4073.
Memory consumption went from 132.6 MB to 132.5 MB.
Total: 4.627700 ms (FindLiveObjects: 0.442700 ms CreateObjectMapping: 0.132300 ms MarkObjects: 3.905100 ms  DeleteObjects: 0.146100 ms)

AssetImportParameters requested are different than current active one (requested -> active):
  custom:video-decoder-ogg-theora: a1e56fd34408186e4bbccfd4996cb3dc -> 
  custom:container-muxer-webm: aa71ff27fc2769a1b78a27578f13a17b -> 
  custom:container-demuxer-webm: 4f35f7cbe854078d1ac9338744f61a02 -> 
  custom:video-encoder-webm-vp8: eb34c28f22e8b96e1ab97ce403110664 -> 
  custom:audio-encoder-webm-vorbis: bf7c407c2cedff20999df2af8eb42d56 -> 
  custom:framework-win-MediaFoundation: 216162199b28c13a410421893ffa2e32 -> 
  custom:container-demuxer-ogg: 62fdf1f143b41e24485cea50d1cbac27 -> 
  custom:video-decoder-webm-vp8: 9c59270c3fd7afecdb556c50c9e8de78 -> 
  custom:audio-decoder-ogg-vorbis: bf7c407c2cedff20999df2af8eb42d56 -> 
========================================================================
Received Import Request.
  Time since last request: 717095.723448 seconds.
  path: Assets/Scenes
  artifactKey: Guid(6ea315d0fd7389c41b19996891e99ae3) Importer(815301076,1909f56bfc062723c751e8b465ee728b)
Start importing Assets/Scenes using Guid(6ea315d0fd7389c41b19996891e99ae3) Importer(815301076,1909f56bfc062723c751e8b465ee728b)  -> (artifact id: 'b8193726cff86800c54781cdc6d54904') in 0.015737 seconds 
========================================================================
Received Import Request.
  Time since last request: 8.359976 seconds.
  path: Assets/Scenes/Map1.unity
  artifactKey: Guid(9d7b92763e5bcdb41a6195750fe83796) Importer(815301076,1909f56bfc062723c751e8b465ee728b)
Start importing Assets/Scenes/Map1.unity using Guid(9d7b92763e5bcdb41a6195750fe83796) Importer(815301076,1909f56bfc062723c751e8b465ee728b)  -> (artifact id: 'dccd73641baeb8ae4e493b318c184dac') in 0.008063 seconds 
========================================================================
Received Import Request.
  Time since last request: 1.837680 seconds.
  path: Assets/Scenes/SampleScene.unity
  artifactKey: Guid(9fc0d4010bbf28b4594072e72b8655ab) Importer(815301076,1909f56bfc062723c751e8b465ee728b)
Start importing Assets/Scenes/SampleScene.unity using Guid(9fc0d4010bbf28b4594072e72b8655ab) Importer(815301076,1909f56bfc062723c751e8b465ee728b)  -> (artifact id: 'a6e44c76b64e4be3249e7c5b951119f7') in 0.008345 seconds 
========================================================================
Received Prepare
Registering precompiled user dll's ...
Registered in 0.015455 seconds.
Begin MonoManager ReloadAssembly
Symbol file LoadedFromMemory doesn't match image C:\Users\dudgn\OneDrive\바탕 화면\수업\게임네트워크\NetworkTank\NetworkTank\Library\PackageCache\com.unity.visualscripting@1.7.8\Editor\VisualScripting.Core\Dependencies\YamlDotNet\Unity.VisualScripting.YamlDotNet.dll
Symbol file LoadedFromMemory doesn't match image C:\Users\dudgn\OneDrive\바탕 화면\수업\게임네트워크\NetworkTank\NetworkTank\Library\PackageCache\com.unity.visualscripting@1.7.8\Editor\VisualScripting.Core\Dependencies\DotNetZip\Unity.VisualScripting.IonicZip.dll
Native extension for WindowsStandalone target not found
Refreshing native plugins compatible for Editor in 0.88 ms, found 3 plugins.
Preloading 0 native plugins for Editor in 0.00 ms.
Mono: successfully reloaded assembly
- Completed reload, in  1.426 seconds
Domain Reload Profiling:
	ReloadAssembly (1427ms)
		BeginReloadAssembly (194ms)
			ExecutionOrderSort (0ms)
			DisableScriptedObjects (7ms)
			BackupInstance (0ms)
			ReleaseScriptingObjects (0ms)
			CreateAndSetChildDomain (43ms)
		EndReloadAssembly (1073ms)
			LoadAssemblies (144ms)
			RebuildTransferFunctionScriptingTraits (0ms)
			SetupTypeCache (368ms)
			ReleaseScriptCaches (2ms)
			RebuildScriptCaches (53ms)
			SetupLoadedEditorAssemblies (449ms)
				LogAssemblyErrors (0ms)
				InitializePlatformSupportModulesInManaged (22ms)
				SetLoadedEditorAssemblies (1ms)
				RefreshPlugins (1ms)
				BeforeProcessingInitializeOnLoad (100ms)
				ProcessInitializeOnLoadAttributes (268ms)
				ProcessInitializeOnLoadMethodAttributes (39ms)
				AfterProcessingInitializeOnLoad (17ms)
				EditorAssembliesLoaded (0ms)
			ExecutionOrderSort2 (0ms)
			AwakeInstancesAfterBackupRestoration (18ms)
Platform modules already initialized, skipping
Refreshing native plugins compatible for Editor in 3.53 ms, found 3 plugins.
Preloading 0 native plugins for Editor in 0.00 ms.
Unloading 3599 Unused Serialized files (Serialized files now loaded: 0)
Unloading 25 unused Assets / (79.9 KB). Loaded Objects now: 4076.
Memory consumption went from 132.5 MB to 132.4 MB.
Total: 4.315200 ms (FindLiveObjects: 0.355600 ms CreateObjectMapping: 0.112000 ms MarkObjects: 3.718100 ms  DeleteObjects: 0.128100 ms)

AssetImportParameters requested are different than current active one (requested -> active):
  custom:video-decoder-ogg-theora: a1e56fd34408186e4bbccfd4996cb3dc -> 
  custom:container-muxer-webm: aa71ff27fc2769a1b78a27578f13a17b -> 
  custom:container-demuxer-webm: 4f35f7cbe854078d1ac9338744f61a02 -> 
  custom:video-encoder-webm-vp8: eb34c28f22e8b96e1ab97ce403110664 -> 
  custom:audio-encoder-webm-vorbis: bf7c407c2cedff20999df2af8eb42d56 -> 
  custom:framework-win-MediaFoundation: 216162199b28c13a410421893ffa2e32 -> 
  custom:container-demuxer-ogg: 62fdf1f143b41e24485cea50d1cbac27 -> 
  custom:video-decoder-webm-vp8: 9c59270c3fd7afecdb556c50c9e8de78 -> 
  custom:audio-decoder-ogg-vorbis: bf7c407c2cedff20999df2af8eb42d56 -> 
========================================================================
Received Import Request.
  Time since last request: 70.968986 seconds.
  path: Assets/Photon Unity Networking
  artifactKey: Guid(5368dc691f2b42b46a19e60e31feb10d) Importer(815301076,1909f56bfc062723c751e8b465ee728b)
Start importing Assets/Photon Unity Networking using Guid(5368dc691f2b42b46a19e60e31feb10d) Importer(815301076,1909f56bfc062723c751e8b465ee728b)  -> (artifact id: 'f06271a1cab37aa08c34857c59f4eb25') in 0.018661 seconds 
========================================================================
Received Import Request.
  Time since last request: 11.882689 seconds.
  path: Assets/Kawaii_Tanks_Project (Free)/Prefabs/Bullet_and_Effects
  artifactKey: Guid(a5f7cd5ceafa98540a30fdc99baa9e90) Importer(815301076,1909f56bfc062723c751e8b465ee728b)
Start importing Assets/Kawaii_Tanks_Project (Free)/Prefabs/Bullet_and_Effects using Guid(a5f7cd5ceafa98540a30fdc99baa9e90) Importer(815301076,1909f56bfc062723c751e8b465ee728b)  -> (artifact id: '187128effc6e760661bacb3a7625ee09') in 0.015932 seconds 
========================================================================
Received Import Request.
  Time since last request: 0.038529 seconds.
  path: Assets/Kawaii_Tanks_Project (Free)/Prefabs/Bullet_and_Effects/Bullet.prefab
  artifactKey: Guid(b0524b2af2a10754aa6797e704fa9541) Importer(815301076,1909f56bfc062723c751e8b465ee728b)
Start importing Assets/Kawaii_Tanks_Project (Free)/Prefabs/Bullet_and_Effects/Bullet.prefab using Guid(b0524b2af2a10754aa6797e704fa9541) Importer(815301076,1909f56bfc062723c751e8b465ee728b)  -> (artifact id: 'e60a9f5823d8b79cc76cbc97ce38a57a') in 0.197449 seconds 
========================================================================
Received Import Request.
  Time since last request: 0.000032 seconds.
  path: Assets/Kawaii_Tanks_Project (Free)/Prefabs/Bullet_and_Effects/Hedge_Broken.prefab
  artifactKey: Guid(76642ad27458c924b9bfd516ae36ea9e) Importer(815301076,1909f56bfc062723c751e8b465ee728b)
Start importing Assets/Kawaii_Tanks_Project (Free)/Prefabs/Bullet_and_Effects/Hedge_Broken.prefab using Guid(76642ad27458c924b9bfd516ae36ea9e) Importer(815301076,1909f56bfc062723c751e8b465ee728b)  -> (artifact id: 'b218844db9fe3be0730687966e8a991c') in 0.043788 seconds 
========================================================================
Received Import Request.
  Time since last request: 0.000038 seconds.
  path: Assets/Kawaii_Tanks_Project (Free)/Prefabs/Bullet_and_Effects/Destroyed_Effect.prefab
  artifactKey: Guid(85ca98222c1ec734bb11ee2954a38b99) Importer(815301076,1909f56bfc062723c751e8b465ee728b)
Start importing Assets/Kawaii_Tanks_Project (Free)/Prefabs/Bullet_and_Effects/Destroyed_Effect.prefab using Guid(85ca98222c1ec734bb11ee2954a38b99) Importer(815301076,1909f56bfc062723c751e8b465ee728b)  -> (artifact id: 'e43dc56fbcc9fef4f2d07caad55c16d7') in 0.077033 seconds 
========================================================================
Received Import Request.
  Time since last request: 1.853974 seconds.
  path: Assets/Kawaii_Tanks_Project (Free)/Prefabs/Ground_Tile
  artifactKey: Guid(ac7f1dff7322e704aa36f75d2de19d89) Importer(815301076,1909f56bfc062723c751e8b465ee728b)
Start importing Assets/Kawaii_Tanks_Project (Free)/Prefabs/Ground_Tile using Guid(ac7f1dff7322e704aa36f75d2de19d89) Importer(815301076,1909f56bfc062723c751e8b465ee728b)  -> (artifact id: '60c08e426d3ac2307ec5f27ddafbba8f') in 0.007853 seconds 
========================================================================
Received Import Request.
  Time since last request: 0.013001 seconds.
  path: Assets/Kawaii_Tanks_Project (Free)/Prefabs/Ground_Tile/Grass_Tile.prefab
  artifactKey: Guid(3d8ff0b073bc8664e93005a91c27d47a) Importer(815301076,1909f56bfc062723c751e8b465ee728b)
Start importing Assets/Kawaii_Tanks_Project (Free)/Prefabs/Ground_Tile/Grass_Tile.prefab using Guid(3d8ff0b073bc8664e93005a91c27d47a) Importer(815301076,1909f56bfc062723c751e8b465ee728b)  -> (artifact id: 'e1fd80e057c57720d087967c84794511') in 0.039848 seconds 
========================================================================
Received Import Request.
  Time since last request: 0.005819 seconds.
  path: Assets/Kawaii_Tanks_Project (Free)/Prefabs/Ground_Tile/Water_Tile.prefab
  artifactKey: Guid(65091ea4068294a438d8ae00f68e1e2d) Importer(815301076,1909f56bfc062723c751e8b465ee728b)
Start importing Assets/Kawaii_Tanks_Project (Free)/Prefabs/Ground_Tile/Water_Tile.prefab using Guid(65091ea4068294a438d8ae00f68e1e2d) Importer(815301076,1909f56bfc062723c751e8b465ee728b)  -> (artifact id: '1ce845735d5b7b9fde84e4195dc5dabe') in 0.039702 seconds 
========================================================================
Received Import Request.
  Time since last request: 0.000023 seconds.
  path: Assets/Kawaii_Tanks_Project (Free)/Prefabs/Ground_Tile/Sand_Tile.prefab
  artifactKey: Guid(7849a9be56e4c9b41943b77307ed52f0) Importer(815301076,1909f56bfc062723c751e8b465ee728b)
Start importing Assets/Kawaii_Tanks_Project (Free)/Prefabs/Ground_Tile/Sand_Tile.prefab using Guid(7849a9be56e4c9b41943b77307ed52f0) Importer(815301076,1909f56bfc062723c751e8b465ee728b)  -> (artifact id: '305a2ae3b45b309d4aa83ab72f94eea5') in 0.037174 seconds 
========================================================================
Received Import Request.
  Time since last request: 0.792262 seconds.
  path: Assets/Kawaii_Tanks_Project (Free)/Prefabs/Props
  artifactKey: Guid(a83222641031c2f40894d437657491a4) Importer(815301076,1909f56bfc062723c751e8b465ee728b)
Start importing Assets/Kawaii_Tanks_Project (Free)/Prefabs/Props using Guid(a83222641031c2f40894d437657491a4) Importer(815301076,1909f56bfc062723c751e8b465ee728b)  -> (artifact id: 'ae6c205b80a28fa91b1852ec7494e39e') in 0.009043 seconds 
========================================================================
Received Import Request.
  Time since last request: 0.041726 seconds.
  path: Assets/Kawaii_Tanks_Project (Free)/Prefabs/Props/Hedge_A.prefab
  artifactKey: Guid(433510086a5077949858fe701d425a48) Importer(815301076,1909f56bfc062723c751e8b465ee728b)
Start importing Assets/Kawaii_Tanks_Project (Free)/Prefabs/Props/Hedge_A.prefab using Guid(433510086a5077949858fe701d425a48) Importer(815301076,1909f56bfc062723c751e8b465ee728b)  -> (artifact id: '572dfa8be94670fa5d6b87b4326f4d00') in 0.045559 seconds 
========================================================================
Received Import Request.
  Time since last request: 0.000026 seconds.
  path: Assets/Kawaii_Tanks_Project (Free)/Prefabs/Props/House_A.prefab
  artifactKey: Guid(a02ec038ad8e92240888af738003b3d8) Importer(815301076,1909f56bfc062723c751e8b465ee728b)
Start importing Assets/Kawaii_Tanks_Project (Free)/Prefabs/Props/House_A.prefab using Guid(a02ec038ad8e92240888af738003b3d8) Importer(815301076,1909f56bfc062723c751e8b465ee728b)  -> (artifact id: 'a68d3b1aef290a796d7c5388328f7de8') in 0.065904 seconds 
========================================================================
Received Import Request.
  Time since last request: 0.000035 seconds.
  path: Assets/Kawaii_Tanks_Project (Free)/Prefabs/Props/Hedge_Base_B.prefab
  artifactKey: Guid(7e73d4aea3aed3e4b8f57f1df5ba3ee8) Importer(815301076,1909f56bfc062723c751e8b465ee728b)
Start importing Assets/Kawaii_Tanks_Project (Free)/Prefabs/Props/Hedge_Base_B.prefab using Guid(7e73d4aea3aed3e4b8f57f1df5ba3ee8) Importer(815301076,1909f56bfc062723c751e8b465ee728b)  -> (artifact id: '5d7c436ebcd1b09291a6967ec65786c6') in 0.020720 seconds 
========================================================================
Received Import Request.
  Time since last request: 0.000023 seconds.
  path: Assets/Kawaii_Tanks_Project (Free)/Prefabs/Props/Tree_A.prefab
  artifactKey: Guid(745496dd1e430494b82a6c1f7438d7c3) Importer(815301076,1909f56bfc062723c751e8b465ee728b)
Start importing Assets/Kawaii_Tanks_Project (Free)/Prefabs/Props/Tree_A.prefab using Guid(745496dd1e430494b82a6c1f7438d7c3) Importer(815301076,1909f56bfc062723c751e8b465ee728b)  -> (artifact id: 'b7852ef8fe3c925816447c3830a59935') in 0.022398 seconds 
========================================================================
Received Import Request.
  Time since last request: 0.750999 seconds.
  path: Assets/Kawaii_Tanks_Project (Free)/Prefabs/Scene_Components
  artifactKey: Guid(d0a5e9fd663e91e4887bf7992a28a4b9) Importer(815301076,1909f56bfc062723c751e8b465ee728b)
Start importing Assets/Kawaii_Tanks_Project (Free)/Prefabs/Scene_Components using Guid(d0a5e9fd663e91e4887bf7992a28a4b9) Importer(815301076,1909f56bfc062723c751e8b465ee728b)  -> (artifact id: 'f36fb3f165022f721e242e543286524f') in 0.008096 seconds 
========================================================================
Received Import Request.
  Time since last request: 0.031096 seconds.
  path: Assets/Kawaii_Tanks_Project (Free)/Prefabs/Scene_Components/Camera_Manager.prefab
  artifactKey: Guid(e002b9de4290e0a4ea8fc2d05296e266) Importer(815301076,1909f56bfc062723c751e8b465ee728b)
Start importing Assets/Kawaii_Tanks_Project (Free)/Prefabs/Scene_Components/Camera_Manager.prefab using Guid(e002b9de4290e0a4ea8fc2d05296e266) Importer(815301076,1909f56bfc062723c751e8b465ee728b)  -> (artifact id: '287ab38248d8a46c73800e3079634742') in 0.015675 seconds 
========================================================================
Received Import Request.
  Time since last request: 0.000025 seconds.
  path: Assets/Kawaii_Tanks_Project (Free)/Prefabs/Scene_Components/Touch_Controls (Tutorial).prefab
  artifactKey: Guid(64063a319866afa4b94347e689fa4f27) Importer(815301076,1909f56bfc062723c751e8b465ee728b)
Start importing Assets/Kawaii_Tanks_Project (Free)/Prefabs/Scene_Components/Touch_Controls (Tutorial).prefab using Guid(64063a319866afa4b94347e689fa4f27) Importer(815301076,1909f56bfc062723c751e8b465ee728b)  -> (artifact id: 'db3dd316c721d972c8d2dc3d6fa4f1c9') in 0.046647 seconds 
========================================================================
Received Import Request.
  Time since last request: 0.000026 seconds.
  path: Assets/Kawaii_Tanks_Project (Free)/Prefabs/Scene_Components/Text_Damage.prefab
  artifactKey: Guid(14e15a8878973664593b9aa0db462273) Importer(815301076,1909f56bfc062723c751e8b465ee728b)
Start importing Assets/Kawaii_Tanks_Project (Free)/Prefabs/Scene_Components/Text_Damage.prefab using Guid(14e15a8878973664593b9aa0db462273) Importer(815301076,1909f56bfc062723c751e8b465ee728b)  -> (artifact id: '5e136be2b76ae7ecdb59c9ff9bba1215') in 0.012636 seconds 
========================================================================
Received Import Request.
  Time since last request: 25.325002 seconds.
  path: Assets/Kawaii_Tanks_Project (Free)/Others/Particle_Glow.mat
  artifactKey: Guid(a5e6998ce21271c418a5e55aed20adda) Importer(815301076,1909f56bfc062723c751e8b465ee728b)
Start importing Assets/Kawaii_Tanks_Project (Free)/Others/Particle_Glow.mat using Guid(a5e6998ce21271c418a5e55aed20adda) Importer(815301076,1909f56bfc062723c751e8b465ee728b)  -> (artifact id: 'a17b33a4932a14e0de71457640c963f5') in 0.051617 seconds 
========================================================================
Received Import Request.
  Time since last request: 0.000023 seconds.
  path: Assets/Kawaii_Tanks_Project (Free)/Others/Particle_Trail.mat
  artifactKey: Guid(16f30964ac964104690babd68f3268f3) Importer(815301076,1909f56bfc062723c751e8b465ee728b)
Start importing Assets/Kawaii_Tanks_Project (Free)/Others/Particle_Trail.mat using Guid(16f30964ac964104690babd68f3268f3) Importer(815301076,1909f56bfc062723c751e8b465ee728b)  -> (artifact id: 'b4da93fcfd0984967d864de8a2d90498') in 0.017048 seconds 
========================================================================
Received Import Request.
  Time since last request: 0.000028 seconds.
  path: Assets/Kawaii_Tanks_Project (Free)/Others/PhysicMat_Wheels.physicMaterial
  artifactKey: Guid(5b37615f506c24f44ac1bb72ce66298f) Importer(815301076,1909f56bfc062723c751e8b465ee728b)
Start importing Assets/Kawaii_Tanks_Project (Free)/Others/PhysicMat_Wheels.physicMaterial using Guid(5b37615f506c24f44ac1bb72ce66298f) Importer(815301076,1909f56bfc062723c751e8b465ee728b)  -> (artifact id: 'd02b1248cfa6815c6fb67ecf021ec95e') in 0.014903 seconds 
========================================================================
Received Import Request.
  Time since last request: 0.000033 seconds.
  path: Assets/Kawaii_Tanks_Project (Free)/Others/PhysicMat_Zero.physicMaterial
  artifactKey: Guid(7a801115a1fe42a4082e170a6cab8c86) Importer(815301076,1909f56bfc062723c751e8b465ee728b)
Start importing Assets/Kawaii_Tanks_Project (Free)/Others/PhysicMat_Zero.physicMaterial using Guid(7a801115a1fe42a4082e170a6cab8c86) Importer(815301076,1909f56bfc062723c751e8b465ee728b)  -> (artifact id: '0931e9d8f2c1c07b76a1d7ca893c2000') in 0.012476 seconds 
========================================================================
Received Import Request.
  Time since last request: 0.000030 seconds.
  path: Assets/Kawaii_Tanks_Project (Free)/Others/Smoke_01.png
  artifactKey: Guid(ebc6568856c7bfc46a6c3ee082bbd2d2) Importer(815301076,1909f56bfc062723c751e8b465ee728b)
Start importing Assets/Kawaii_Tanks_Project (Free)/Others/Smoke_01.png using Guid(ebc6568856c7bfc46a6c3ee082bbd2d2) Importer(815301076,1909f56bfc062723c751e8b465ee728b)  -> (artifact id: 'a88386d36b24632c478a09b0de05b183') in 0.127581 seconds 
========================================================================
Received Import Request.
  Time since last request: 1.618472 seconds.
  path: Assets/Kawaii_Tanks_Project (Free)/Others/Terrain/layer_Tex_Sand(15.000,15.000)(0.000,0.000)(0.000,0.000,0.000),0.000,0.000.terrainlayer
  artifactKey: Guid(18e089ba5da082847a2be4a34354281e) Importer(815301076,1909f56bfc062723c751e8b465ee728b)
Start importing Assets/Kawaii_Tanks_Project (Free)/Others/Terrain/layer_Tex_Sand(15.000,15.000)(0.000,0.000)(0.000,0.000,0.000),0.000,0.000.terrainlayer using Guid(18e089ba5da082847a2be4a34354281e) Importer(815301076,1909f56bfc062723c751e8b465ee728b)  -> (artifact id: '6bb38352fad9e8ca3ce30372b4f7f8c9') in 0.031724 seconds 
========================================================================
Received Import Request.
  Time since last request: 13.825707 seconds.
  path: Assets/Kawaii_Tanks_Project (Free)/Sprites/Sprite_Aim_Marker.png
  artifactKey: Guid(e03098c57289953479b38f41112b9271) Importer(815301076,1909f56bfc062723c751e8b465ee728b)
Start importing Assets/Kawaii_Tanks_Project (Free)/Sprites/Sprite_Aim_Marker.png using Guid(e03098c57289953479b38f41112b9271) Importer(815301076,1909f56bfc062723c751e8b465ee728b)  -> (artifact id: '88b65c6cdd0a5a2229208a44e6f83031') in 0.046071 seconds 
========================================================================
Received Import Request.
  Time since last request: 0.000030 seconds.
  path: Assets/Kawaii_Tanks_Project (Free)/Sprites/Sprite_Pos_Marker.png
  artifactKey: Guid(a285550f7b2bba244b9750b22ab2f5a3) Importer(815301076,1909f56bfc062723c751e8b465ee728b)
Start importing Assets/Kawaii_Tanks_Project (Free)/Sprites/Sprite_Pos_Marker.png using Guid(a285550f7b2bba244b9750b22ab2f5a3) Importer(815301076,1909f56bfc062723c751e8b465ee728b)  -> (artifact id: 'bc4a6b6d026107797a18ade4c99eaae0') in 0.028216 seconds 
========================================================================
Received Prepare
Registering precompiled user dll's ...
Registered in 0.014415 seconds.
Begin MonoManager ReloadAssembly
Symbol file LoadedFromMemory doesn't match image C:\Users\dudgn\OneDrive\바탕 화면\수업\게임네트워크\NetworkTank\NetworkTank\Library\PackageCache\com.unity.visualscripting@1.7.8\Editor\VisualScripting.Core\Dependencies\YamlDotNet\Unity.VisualScripting.YamlDotNet.dll
Symbol file LoadedFromMemory doesn't match image C:\Users\dudgn\OneDrive\바탕 화면\수업\게임네트워크\NetworkTank\NetworkTank\Library\PackageCache\com.unity.visualscripting@1.7.8\Editor\VisualScripting.Core\Dependencies\DotNetZip\Unity.VisualScripting.IonicZip.dll
Native extension for WindowsStandalone target not found
Refreshing native plugins compatible for Editor in 0.88 ms, found 3 plugins.
Preloading 0 native plugins for Editor in 0.00 ms.
Mono: successfully reloaded assembly
- Completed reload, in  1.600 seconds
Domain Reload Profiling:
	ReloadAssembly (1601ms)
		BeginReloadAssembly (215ms)
			ExecutionOrderSort (0ms)
			DisableScriptedObjects (8ms)
			BackupInstance (0ms)
			ReleaseScriptingObjects (0ms)
			CreateAndSetChildDomain (58ms)
		EndReloadAssembly (1207ms)
			LoadAssemblies (150ms)
			RebuildTransferFunctionScriptingTraits (0ms)
			SetupTypeCache (406ms)
			ReleaseScriptCaches (2ms)
			RebuildScriptCaches (83ms)
			SetupLoadedEditorAssemblies (500ms)
				LogAssemblyErrors (0ms)
				InitializePlatformSupportModulesInManaged (21ms)
				SetLoadedEditorAssemblies (1ms)
				RefreshPlugins (1ms)
				BeforeProcessingInitializeOnLoad (111ms)
				ProcessInitializeOnLoadAttributes (310ms)
				ProcessInitializeOnLoadMethodAttributes (39ms)
				AfterProcessingInitializeOnLoad (17ms)
				EditorAssembliesLoaded (0ms)
			ExecutionOrderSort2 (0ms)
			AwakeInstancesAfterBackupRestoration (19ms)
Platform modules already initialized, skipping
Refreshing native plugins compatible for Editor in 4.17 ms, found 3 plugins.
Preloading 0 native plugins for Editor in 0.00 ms.
Unloading 3599 Unused Serialized files (Serialized files now loaded: 0)
Unloading 27 unused Assets / (80.6 KB). Loaded Objects now: 4130.
Memory consumption went from 137.3 MB to 137.2 MB.
Total: 4.178800 ms (FindLiveObjects: 0.366400 ms CreateObjectMapping: 0.117100 ms MarkObjects: 3.553400 ms  DeleteObjects: 0.140700 ms)

AssetImportParameters requested are different than current active one (requested -> active):
  custom:video-decoder-ogg-theora: a1e56fd34408186e4bbccfd4996cb3dc -> 
  custom:container-muxer-webm: aa71ff27fc2769a1b78a27578f13a17b -> 
  custom:container-demuxer-webm: 4f35f7cbe854078d1ac9338744f61a02 -> 
  custom:video-encoder-webm-vp8: eb34c28f22e8b96e1ab97ce403110664 -> 
  custom:audio-encoder-webm-vorbis: bf7c407c2cedff20999df2af8eb42d56 -> 
  custom:framework-win-MediaFoundation: 216162199b28c13a410421893ffa2e32 -> 
  custom:container-demuxer-ogg: 62fdf1f143b41e24485cea50d1cbac27 -> 
  custom:video-decoder-webm-vp8: 9c59270c3fd7afecdb556c50c9e8de78 -> 
  custom:audio-decoder-ogg-vorbis: bf7c407c2cedff20999df2af8eb42d56 -> 
========================================================================
Received Prepare
Registering precompiled user dll's ...
Registered in 0.017117 seconds.
Begin MonoManager ReloadAssembly
Symbol file LoadedFromMemory doesn't match image C:\Users\dudgn\OneDrive\바탕 화면\수업\게임네트워크\NetworkTank\NetworkTank\Library\PackageCache\com.unity.visualscripting@1.7.8\Editor\VisualScripting.Core\Dependencies\YamlDotNet\Unity.VisualScripting.YamlDotNet.dll
Symbol file LoadedFromMemory doesn't match image C:\Users\dudgn\OneDrive\바탕 화면\수업\게임네트워크\NetworkTank\NetworkTank\Library\PackageCache\com.unity.visualscripting@1.7.8\Editor\VisualScripting.Core\Dependencies\DotNetZip\Unity.VisualScripting.IonicZip.dll
Native extension for WindowsStandalone target not found
Refreshing native plugins compatible for Editor in 1.11 ms, found 3 plugins.
Preloading 0 native plugins for Editor in 0.00 ms.
Mono: successfully reloaded assembly
- Completed reload, in  1.488 seconds
Domain Reload Profiling:
	ReloadAssembly (1489ms)
		BeginReloadAssembly (213ms)
			ExecutionOrderSort (0ms)
			DisableScriptedObjects (8ms)
			BackupInstance (0ms)
			ReleaseScriptingObjects (0ms)
			CreateAndSetChildDomain (47ms)
		EndReloadAssembly (1103ms)
			LoadAssemblies (154ms)
			RebuildTransferFunctionScriptingTraits (0ms)
			SetupTypeCache (373ms)
			ReleaseScriptCaches (2ms)
			RebuildScriptCaches (59ms)
			SetupLoadedEditorAssemblies (464ms)
				LogAssemblyErrors (0ms)
				InitializePlatformSupportModulesInManaged (19ms)
				SetLoadedEditorAssemblies (1ms)
				RefreshPlugins (1ms)
				BeforeProcessingInitializeOnLoad (112ms)
				ProcessInitializeOnLoadAttributes (271ms)
				ProcessInitializeOnLoadMethodAttributes (44ms)
				AfterProcessingInitializeOnLoad (16ms)
				EditorAssembliesLoaded (0ms)
			ExecutionOrderSort2 (0ms)
			AwakeInstancesAfterBackupRestoration (18ms)
Platform modules already initialized, skipping
Refreshing native plugins compatible for Editor in 4.49 ms, found 3 plugins.
Preloading 0 native plugins for Editor in 0.00 ms.
Unloading 3599 Unused Serialized files (Serialized files now loaded: 0)
Unloading 25 unused Assets / (79.7 KB). Loaded Objects now: 4133.
Memory consumption went from 137.3 MB to 137.2 MB.
Total: 4.789900 ms (FindLiveObjects: 0.489300 ms CreateObjectMapping: 0.147600 ms MarkObjects: 4.012000 ms  DeleteObjects: 0.139400 ms)

AssetImportParameters requested are different than current active one (requested -> active):
  custom:video-decoder-ogg-theora: a1e56fd34408186e4bbccfd4996cb3dc -> 
  custom:container-muxer-webm: aa71ff27fc2769a1b78a27578f13a17b -> 
  custom:container-demuxer-webm: 4f35f7cbe854078d1ac9338744f61a02 -> 
  custom:video-encoder-webm-vp8: eb34c28f22e8b96e1ab97ce403110664 -> 
  custom:audio-encoder-webm-vorbis: bf7c407c2cedff20999df2af8eb42d56 -> 
  custom:framework-win-MediaFoundation: 216162199b28c13a410421893ffa2e32 -> 
  custom:container-demuxer-ogg: 62fdf1f143b41e24485cea50d1cbac27 -> 
  custom:video-decoder-webm-vp8: 9c59270c3fd7afecdb556c50c9e8de78 -> 
  custom:audio-decoder-ogg-vorbis: bf7c407c2cedff20999df2af8eb42d56 -> 
Editor requested this worker to shutdown with reason: Scaling down because of idle timeout
AssetImportWorker is now disconnected from the server
Process exiting
Exiting without the bug reporter. Application will terminate with return code 0